<?xml version="1.0" encoding="UTF-8"?>
<coverage generated="1715117613">
  <project timestamp="1715117613">
    <file name="/var/www/src/BootstrapThemeSwitchBundle.php">
      <class name="NeuralGlitch\BootstrapThemeSwitch\BootstrapThemeSwitchBundle" namespace="global">
        <metrics complexity="1" methods="1" coveredmethods="1" conditionals="0" coveredconditionals="0" statements="1" coveredstatements="1" elements="2" coveredelements="2"/>
      </class>
      <line num="16" type="method" name="getContainerExtension" visibility="public" complexity="1" crap="1" count="1"/>
      <line num="18" type="stmt" count="1"/>
      <metrics loc="21" ncloc="21" classes="1" methods="1" coveredmethods="1" conditionals="0" coveredconditionals="0" statements="1" coveredstatements="1" elements="2" coveredelements="2"/>
    </file>
    <file name="/var/www/src/Controller/SwitchController.php">
      <class name="NeuralGlitch\BootstrapThemeSwitch\Controller\SwitchController" namespace="global">
        <metrics complexity="3" methods="1" coveredmethods="1" conditionals="0" coveredconditionals="0" statements="12" coveredstatements="12" elements="13" coveredelements="13"/>
      </class>
      <line num="14" type="method" name="__invoke" visibility="public" complexity="3" crap="3" count="2"/>
      <line num="16" type="stmt" count="2"/>
      <line num="18" type="stmt" count="2"/>
      <line num="19" type="stmt" count="2"/>
      <line num="21" type="stmt" count="2"/>
      <line num="23" type="stmt" count="2"/>
      <line num="24" type="stmt" count="2"/>
      <line num="25" type="stmt" count="2"/>
      <line num="26" type="stmt" count="2"/>
      <line num="28" type="stmt" count="2"/>
      <line num="29" type="stmt" count="1"/>
      <line num="31" type="stmt" count="1"/>
      <line num="33" type="stmt" count="2"/>
      <metrics loc="36" ncloc="36" classes="1" methods="1" coveredmethods="1" conditionals="0" coveredconditionals="0" statements="12" coveredstatements="12" elements="13" coveredelements="13"/>
    </file>
    <file name="/var/www/src/DependencyInjection/BootstrapThemeSwitchExtension.php">
      <class name="NeuralGlitch\BootstrapThemeSwitch\DependencyInjection\BootstrapThemeSwitchExtension" namespace="global">
        <metrics complexity="3" methods="3" coveredmethods="1" conditionals="0" coveredconditionals="0" statements="6" coveredstatements="1" elements="9" coveredelements="2"/>
      </class>
      <line num="16" type="method" name="load" visibility="public" complexity="1" crap="2" count="0"/>
      <line num="19" type="stmt" count="0"/>
      <line num="21" type="method" name="getAlias" visibility="public" complexity="1" crap="1" count="1"/>
      <line num="23" type="stmt" count="1"/>
      <line num="26" type="method" name="prepend" visibility="public" complexity="1" crap="2" count="0"/>
      <line num="28" type="stmt" count="0"/>
      <line num="29" type="stmt" count="0"/>
      <line num="31" type="stmt" count="0"/>
      <line num="32" type="stmt" count="0"/>
      <metrics loc="35" ncloc="34" classes="1" methods="3" coveredmethods="1" conditionals="0" coveredconditionals="0" statements="6" coveredstatements="1" elements="9" coveredelements="2"/>
    </file>
    <file name="/var/www/src/DependencyInjection/Configuration.php">
      <class name="NeuralGlitch\BootstrapThemeSwitch\DependencyInjection\Configuration" namespace="global">
        <metrics complexity="1" methods="1" coveredmethods="0" conditionals="0" coveredconditionals="0" statements="2" coveredstatements="0" elements="3" coveredelements="0"/>
      </class>
      <line num="14" type="method" name="getConfigTreeBuilder" visibility="public" complexity="1" crap="2" count="0"/>
      <line num="16" type="stmt" count="0"/>
      <line num="28" type="stmt" count="0"/>
      <metrics loc="31" ncloc="17" classes="1" methods="1" coveredmethods="0" conditionals="0" coveredconditionals="0" statements="2" coveredstatements="0" elements="3" coveredelements="0"/>
    </file>
    <file name="/var/www/src/Service/ThemeService.php">
      <class name="NeuralGlitch\BootstrapThemeSwitch\Service\ThemeService" namespace="global">
        <metrics complexity="7" methods="3" coveredmethods="3" conditionals="0" coveredconditionals="0" statements="13" coveredstatements="13" elements="16" coveredelements="16"/>
      </class>
      <line num="16" type="method" name="__construct" visibility="public" complexity="1" crap="1" count="2"/>
      <line num="18" type="stmt" count="2"/>
      <line num="21" type="method" name="setTheme" visibility="public" complexity="3" crap="3" count="2"/>
      <line num="23" type="stmt" count="2"/>
      <line num="24" type="stmt" count="1"/>
      <line num="25" type="stmt" count="1"/>
      <line num="26" type="stmt" count="1"/>
      <line num="27" type="stmt" count="1"/>
      <line num="28" type="stmt" count="1"/>
      <line num="30" type="stmt" count="1"/>
      <line num="32" type="stmt" count="1"/>
      <line num="36" type="method" name="validate" visibility="private" complexity="3" crap="3" count="2"/>
      <line num="39" type="stmt" count="2"/>
      <line num="40" type="stmt" count="2"/>
      <line num="42" type="stmt" count="1"/>
      <line num="44" type="stmt" count="1"/>
      <metrics loc="46" ncloc="46" classes="1" methods="3" coveredmethods="3" conditionals="0" coveredconditionals="0" statements="13" coveredstatements="13" elements="16" coveredelements="16"/>
    </file>
    <metrics files="5" loc="169" ncloc="154" classes="5" methods="9" coveredmethods="6" conditionals="0" coveredconditionals="0" statements="34" coveredstatements="27" elements="43" coveredelements="33"/>
  </project>
</coverage>
